[spaced-site.webflow.io/index.html]
[backblue.gif]
[fade.gif]
[index.html]
[uploads-ssl.webflow.com/5a7bc61b5301890001e60d87/css/spaced-site.webflow.0e095d41d.min.css]
[ajax.googleapis.com/ajax/libs/webfont/1.4.7/webfont.js]
[daks2k3a4ib2z.cloudfront.net/img/webclip.png]
[uploads-ssl.webflow.com/5a7bc61b5301890001e60d87/5a7cf5cdd046c4000193c673_girl.png]
[uploads-ssl.webflow.com/5a7bc61b5301890001e60d87/5a7e684cc79427000132db94_moon 2.png]
[uploads-ssl.webflow.com/5a7bc61b5301890001e60d87/5a7bc9c069f2390001708112_usa.png]
[uploads-ssl.webflow.com/5a7bc61b5301890001e60d87/5a7bcacea1fe2b00013634fe_rocket.png]
[uploads-ssl.webflow.com/5a7bc61b5301890001e60d87/5a7bccad69f23900017083ea_spaced-logo.png]
[uploads-ssl.webflow.com/5a7bc61b5301890001e60d87/5a7bc649c043f40001b1060b_headline.png]
[uploads-ssl.webflow.com/5a7bc61b5301890001e60d87/5a7bc64969f239000170801c_astronaut-resized.png]
[uploads-ssl.webflow.com/5a7bc61b5301890001e60d87/5a7d01506001ff0001f3c0c4_dinner.jpg]
[uploads-ssl.webflow.com/5a7bc61b5301890001e60d87/5a7d014f1f44ad00017d7f6c_LivingRoom.jpg]
[uploads-ssl.webflow.com/5a7bc61b5301890001e60d87/5a7d014e8f34de0001ef1fce_moon.jpg]
[uploads-ssl.webflow.com/5a7bc61b5301890001e60d87/5a80e82738edac00018801ba_red-spot-jupiter.jpg]
[uploads-ssl.webflow.com/5a7bc61b5301890001e60d87/5a7e5f1c432d430001149369_2.jpg]
[uploads-ssl.webflow.com/5a7bc61b5301890001e60d87/5a7e5f1c38edac0001866b17_3.jpg]
[uploads-ssl.webflow.com/5a7bc61b5301890001e60d87/5a7e5f1cc79427000132d4c0_1.jpg]
[uploads-ssl.webflow.com/5a7bc61b5301890001e60d87/5a7bc64c5301890001e60d98_spaced-rocket.png]
[uploads-ssl.webflow.com/5a7bc61b5301890001e60d87/5a7bc64ca1fe2b0001363341_spaced-station.png]
[uploads-ssl.webflow.com/5a7bc61b5301890001e60d87/5a7bc64ab4ebff0001a866b8_moon.png]
[uploads-ssl.webflow.com/5a7bc61b5301890001e60d87/5a7bc64b69f2390001708023_space-quarters.jpg]
[uploads-ssl.webflow.com/5a7bc61b5301890001e60d87/5a7d1d278f34de0001ef3687_baby-cropped.jpg]
[uploads-ssl.webflow.com/5a7bc61b5301890001e60d87/5a7e5f1cd2e04c0001f3fd17_Cutout-image.png]
[uploads-ssl.webflow.com/5a7bc61b5301890001e60d87/5a7e5ad438edac0001866623_Dann.jpg]
[uploads-ssl.webflow.com/5a7bc61b5301890001e60d87/5a7e5ad438edac0001866624_mike.jpg]
[uploads-ssl.webflow.com/5a7bc61b5301890001e60d87/5a7e5ad4ee248c000137e90f_waldo.jpg]
[uploads-ssl.webflow.com/5a7bc61b5301890001e60d87/5a7d206f7d4e590001ab9509_space-unicorn.jpg]
[uploads-ssl.webflow.com/5a7bc61b5301890001e60d87/5a7bc64ac043f40001b1060c_musk.png]
[uploads-ssl.webflow.com/5a7bc61b5301890001e60d87/5a7bc64b69f2390001708021_rey-kanobi.png]
[uploads-ssl.webflow.com/5a7bc61b5301890001e60d87/5a7bc6495301890001e60d92_degrasse.png]
[uploads-ssl.webflow.com/5a7bc61b5301890001e60d87/5a7bc64bb4ebff0001a866bc_space-view.jpg]
[uploads-ssl.webflow.com/5a7bc61b5301890001e60d87/5a7bc64bc043f40001b1060f_space-cave.jpg]
[uploads-ssl.webflow.com/5a7bc61b5301890001e60d87/5a7bc64a69f239000170801e_man-at-bar.jpg]
[uploads-ssl.webflow.com/5a7bc61b5301890001e60d87/5a7bc64db4ebff0001a866bd_window.jpg]
[uploads-ssl.webflow.com/5a7bc61b5301890001e60d87/5a7bc64c69f2390001708024_view-point.jpg]
[uploads-ssl.webflow.com/5a7bc61b5301890001e60d87/5a7bc64bb4ebff0001a866bb_space-barz.jpg]
[uploads-ssl.webflow.com/5a7bc61b5301890001e60d87/5a7bc9c069f2390001708113_Logo.png]
[www.counter12.com/img-0YDx637xb2ZZ91bz-35.gif]
[ajax.googleapis.com/ajax/libs/jquery/2.2.0/jquery.min.js]
[spaced-site.webflow.io/index.html]
[uploads-ssl.webflow.com/5a7bc61b5301890001e60d87/js/webflow.606fdc873.js]
[uploads-ssl.webflow.com/5a7bc61b5301890001e60d87/css/spaced-site.webflow.0e095d41d.min.css]
[www.counter12.com/ad4aab.html]
